Backup: 2021-10-01 14:54, /Volumes/Externe B -- completed: 15:43
Backup: 2021-10-19 16:32, /Volumes/CG_STICK -- completed: 16:51
Backup: 2021-11-07 11:31, /Volumes/Externe B -- completed: 11:31
Backup: 2021-11-07 11:58, /Volumes/Externe B -- completed: 12:08
Backup: 2021-11-07 12:18, /Volumes/Externe C -- completed: 12:34
Backup: 2021-12-01 16:38, /Volumes/Externe C -- completed: 18:07
Backup: 2022-01-01 17:58, /Volumes/Externe A -- completed: 18:46
Backup: 2022-02-04 19:11, /Volumes/Externe A -- completed: 20:04
Backup: 2022-02-16 20:06, /Volumes/Externe C -- completed: 20:52
Backup: 2022-02-24 12:04, /Volumes/Externe B -- completed: 16:04
Backup: 2022-04-15 12:43, /Volumes/Externe A -- completed: 13:49
Backup: 2022-04-15 14:28, /Volumes/Externe A -- completed: 14:28
Backup: 2022-04-15 14:30, /Volumes/Externe A -- completed: 14:30
Backup: 2022-04-15 14:36, /Volumes/Externe A -- completed: 14:36
Backup: 2022-04-28 09:51, /Volumes/Externe A -- completed: 10:03
Backup: 2022-05-23 12:01, /Volumes/Externe B -- completed: 12:11
Backup: 2022-05-23 12:14, /Volumes/Externe B -- completed: 12:14
Backup: 2022-05-23 12:15, /Volumes/Externe B -- completed: 13:04
Backup: 2022-06-22 11:20, /Volumes/Externe B -- completed: 11:24
Backup: 2022-07-08 11:06, /Volumes/Externe B -- completed: 11:10
Backup: 2022-07-25 14:30, /Volumes/Externe C -- completed: 15:20
Backup: 2022-07-25 15:32, /Volumes/Externe C -- Backup: 2022-07-25 15:36, /Volumes/Externe C -- Backup: 2022-07-25 15:42, /Volumes/Externe C -- Backup: 2022-07-25 15:45, /Volumes/Externe C -- completed: 15:47
Backup: 2022-07-25 15:53, /Volumes/Externe C -- completed: 15:56
Backup: 2022-07-25 16:14, /Volumes/Externe C -- Backup: 2022-07-25 16:22, /Volumes/Externe C -- Backup: 2022-07-25 16:22, /Volumes/Externe C -- Backup: 2022-07-25 16:25, /Volumes/Externe C -- Backup: 2022-07-25 16:26, /Volumes/Externe C -- completed: 16:27
Backup: 2022-07-25 16:27, /Volumes/Externe C -- completed: 16:28
Backup: 2022-08-09 21:12, /Volumes/Externe C -- completed: 21:24
Backup: 2022-08-09 21:27, /Volumes/Externe C -- completed: 21:27
Backup: 2022-08-17 09:20, /Volumes/Externe C -- completed: 09:21
Backup: 2022-08-24 20:47, /Volumes/Externe A -- 