Mar 21 13:24:00 – SSIDChange: none
Mar 21 13:24:05 – SSIDChange: none
Mar 21 13:24:08 – SSIDChange: none
Mar 21 13:24:13 – SSIDChange: none
Mar 21 13:24:16 – SSIDChange: none
Mar 21 13:24:20 – SSIDChange: none
Mar 21 13:24:27 – SSIDChange: eduroam
Mar 21 14:07:31 – SSIDChange: none
Mar 21 14:07:36 – SSIDChange: none
Mar 21 14:07:40 – SSIDChange: none
Mar 21 14:07:44 – SSIDChange: eduroam
Mar 21 14:08:35 – SSIDChange: none
Mar 21 14:08:37 – SSIDChange: eduroam
Mar 21 14:09:17 – SSIDChange: none
Mar 21 14:18:08 – SSIDChange: eduroam
Mar 21 14:18:39 – SSIDChange: none
Mar 21 14:18:42 – SSIDChange: eduroam
Mar 21 14:19:03 – SSIDChange: none
Mar 21 14:19:05 – SSIDChange: eduroam
Mar 21 14:19:07 – SSIDChange: none
Mar 21 14:19:12 – SSIDChange: none
Mar 21 14:19:22 – SSIDChange: none
Mar 21 14:19:26 – SSIDChange: none
Mar 21 14:19:30 – SSIDChange: eduroam
Mar 21 14:32:22 – SSIDChange: none
Mar 21 14:32:27 – SSIDChange: none
Mar 21 14:32:35 – SSIDChange: none
Mar 21 14:32:40 – SSIDChange: none
Mar 21 14:32:46 – SSIDChange: none
Mar 21 14:32:52 – SSIDChange: none
Mar 21 14:33:04 – SSIDChange: eduroam
Mar 21 14:33:32 – SSIDChange: none
Mar 21 14:33:38 – SSIDChange: none
Mar 21 14:33:42 – SSIDChange: eduroam
Mar 21 14:34:13 – SSIDChange: none
Mar 21 14:34:15 – SSIDChange: eduroam
Mar 21 15:16:44 – SSIDChange: none
Mar 21 15:16:48 – SSIDChange: none
Mar 21 15:16:55 – SSIDChange: none
Mar 21 15:16:59 – SSIDChange: none
Mar 21 15:17:04 – SSIDChange: none
Mar 21 15:17:16 – SSIDChange: none
Mar 21 15:17:20 – SSIDChange: none
Mar 21 15:17:29 – SSIDChange: eduroam
Mar 21 15:54:13 – SSIDChange: none
Mar 21 15:54:16 – SSIDChange: none
Mar 21 15:54:18 – SSIDChange: none
Mar 21 15:54:24 – SSIDChange: eduroam
Mar 21 15:54:51 – SSIDChange: none
Mar 21 15:54:54 – SSIDChange: eduroam
Mar 21 15:55:20 – SSIDChange: none
Mar 21 15:55:24 – SSIDChange: eduroam
Mar 21 15:58:52 – SSIDChange: none
Mar 21 15:58:58 – SSIDChange: none
Mar 21 15:59:04 – SSIDChange: none
Mar 21 15:59:09 – SSIDChange: none
Mar 21 15:59:14 – SSIDChange: none
Mar 21 15:59:17 – SSIDChange: eduroam
Mar 21 16:00:33 – SSIDChange: none
Mar 21 16:00:39 – SSIDChange: none
Mar 21 16:00:45 – SSIDChange: none
Mar 21 16:00:49 – SSIDChange: eduroam
Mar 21 16:02:28 – SSIDChange: none
Mar 21 16:02:33 – SSIDChange: none
Mar 21 16:02:37 – SSIDChange: none
Mar 21 16:02:44 – SSIDChange: none
Mar 21 16:02:48 – SSIDChange: none
Mar 21 16:02:57 – SSIDChange: eduroam
Mar 21 16:03:23 – SSIDChange: none
Mar 21 16:03:29 – SSIDChange: none
Mar 21 16:03:36 – SSIDChange: none
Mar 21 16:03:43 – SSIDChange: none
Mar 21 16:03:48 – SSIDChange: none
Mar 21 16:03:51 – SSIDChange: eduroam
Mar 21 16:04:01 – SSIDChange: none
Mar 21 16:04:03 – SSIDChange: eduroam
Mar 21 17:17:45 – SSIDChange: none
Mar 21 17:17:47 – SSIDChange: eduroam
Mar 21 18:01:55 – SSIDChange: none
Mar 21 18:02:00 – SSIDChange: none
Mar 21 18:02:07 – SSIDChange: none
Mar 21 18:02:11 – SSIDChange: none
Mar 21 18:02:16 – SSIDChange: none
Mar 21 18:02:20 – SSIDChange: eduroam
Mar 21 18:34:45 – SSIDChange: none
Mar 21 18:34:50 – SSIDChange: none
Mar 21 18:34:57 – SSIDChange: none
Mar 21 18:35:01 – SSIDChange: eduroam
Mar 21 18:35:13 – SSIDChange: none
Mar 21 18:35:18 – SSIDChange: none
Mar 21 18:35:22 – SSIDChange: none
Mar 21 18:35:26 – SSIDChange: eduroam
Mar 21 18:35:55 – SSIDChange: none
Mar 21 18:35:57 – SSIDChange: eduroam
Mar 21 18:36:24 – SSIDChange: none
Mar 21 18:36:29 – SSIDChange: none
Mar 21 18:36:34 – SSIDChange: eduroam
Mar 21 18:36:48 – SSIDChange: none
Mar 21 18:36:53 – SSIDChange: none
Mar 21 18:36:56 – SSIDChange: eduroam
Mar 21 18:53:47 – SSIDChange: none
Mar 21 18:53:52 – SSIDChange: none
Mar 21 18:53:59 – SSIDChange: none
Mar 21 18:54:03 – SSIDChange: none
Mar 21 18:54:08 – SSIDChange: none
Mar 21 18:54:11 – SSIDChange: none
Mar 21 18:54:20 – SSIDChange: eduroam
Mar 21 18:54:45 – SSIDChange: none
Mar 21 18:54:49 – SSIDChange: eduroam
Mar 21 18:56:13 – SSIDChange: none
Mar 21 18:56:17 – SSIDChange: none
Mar 21 18:56:20 – SSIDChange: none
Mar 21 18:56:27 – SSIDChange: none
Mar 21 18:56:31 – SSIDChange: none
Mar 21 18:56:36 – SSIDChange: none
Mar 21 18:56:40 – SSIDChange: none
Mar 21 18:56:50 – SSIDChange: eduroam
Mar 21 19:00:00 – SSIDChange: none
Mar 21 19:00:02 – SSIDChange: eduroam
Mar 21 19:12:46 – SSIDChange: none
Mar 21 19:12:51 – SSIDChange: none
Mar 21 19:12:58 – SSIDChange: none
Mar 21 19:13:01 – SSIDChange: eduroam
Mar 21 19:13:54 – SSIDChange: none
Mar 21 19:14:00 – SSIDChange: none
Mar 21 19:14:03 – SSIDChange: none
Mar 21 19:14:10 – SSIDChange: eduroam
Mar 21 19:14:22 – SSIDChange: none
Mar 21 19:14:27 – SSIDChange: none
Mar 21 19:14:30 – SSIDChange: none
Mar 21 19:14:35 – SSIDChange: eduroam
Mar 21 19:15:10 – SSIDChange: none
Mar 21 19:15:14 – SSIDChange: none
Mar 21 19:15:18 – SSIDChange: eduroam
Mar 21 19:20:42 – SSIDChange: none
Mar 21 19:20:47 – SSIDChange: none
Mar 21 19:20:51 – SSIDChange: none
Mar 21 19:20:56 – SSIDChange: eduroam
Mar 21 19:21:20 – SSIDChange: none
Mar 21 19:21:25 – SSIDChange: none
Mar 21 19:21:29 – SSIDChange: none
Mar 21 19:21:36 – SSIDChange: none
Mar 21 19:21:39 – SSIDChange: none
Mar 21 19:21:44 – SSIDChange: eduroam
Apr  4 13:15:43 – SSIDChange: none
Apr  4 13:15:47 – SSIDChange: none
Apr  4 13:15:54 – SSIDChange: none
Apr  4 13:15:59 – SSIDChange: none
Apr  4 13:16:02 – SSIDChange: none
Apr  4 13:16:08 – SSIDChange: none
Apr  4 13:16:10 – SSIDChange: eduroam
Apr  4 13:16:10 – SSIDChange: eduroam
Apr  4 13:16:31 – SSIDChange: none
Apr  4 13:16:36 – SSIDChange: none
Apr  4 13:16:42 – SSIDChange: none
Apr  4 13:16:47 – SSIDChange: none
Apr  4 13:16:50 – SSIDChange: none
Apr  4 13:16:57 – SSIDChange: none
Apr  4 13:17:02 – SSIDChange: none
Apr  4 13:17:10 – SSIDChange: eduroam
Apr  4 13:17:11 – SSIDChange: eduroam
Apr  4 13:17:38 – SSIDChange: none
Apr  4 13:17:41 – SSIDChange: none
Apr  4 13:17:45 – SSIDChange: none
Apr  4 13:17:50 – SSIDChange: none
Apr  4 13:17:54 – SSIDChange: none
Apr  4 13:17:58 – SSIDChange: none
Apr  4 13:18:04 – SSIDChange: none
Apr  4 13:18:09 – SSIDChange: none
Apr  4 13:18:12 – SSIDChange: none
Apr  4 13:18:21 – SSIDChange: eduroam
Apr  4 13:18:21 – SSIDChange: eduroam
Apr  4 13:18:41 – SSIDChange: none
Apr  4 13:18:44 – SSIDChange: none
Apr  4 13:18:49 – SSIDChange: none
Apr  4 13:18:51 – SSIDChange: eduroam
Apr  4 13:18:51 – SSIDChange: eduroam
Apr  4 13:19:05 – SSIDChange: none
Apr  4 13:19:09 – SSIDChange: none
Apr  4 13:19:11 – SSIDChange: eduroam
Apr  4 13:19:12 – SSIDChange: eduroam
Apr  4 13:19:21 – SSIDChange: none
Apr  4 13:19:24 – SSIDChange: none
Apr  4 13:19:26 – SSIDChange: none
Apr  4 13:19:32 – SSIDChange: none
Apr  4 13:19:37 – SSIDChange: none
Apr  4 13:19:40 – SSIDChange: none
Apr  4 13:19:45 – SSIDChange: none
Apr  4 13:19:50 – SSIDChange: none
Apr  4 13:19:53 – SSIDChange: none
Apr  4 13:19:57 – SSIDChange: none
Apr  4 13:20:04 – SSIDChange: none
Apr  4 13:20:07 – SSIDChange: none
Apr  4 13:20:12 – SSIDChange: none
Apr  4 13:20:17 – SSIDChange: none
Apr  4 13:20:27 – SSIDChange: none
Apr  4 13:20:29 – SSIDChange: eduroam
Apr  4 13:20:29 – SSIDChange: eduroam
Apr  4 13:20:54 – SSIDChange: none
Apr  4 13:20:57 – SSIDChange: eduroam
Apr  4 13:20:58 – SSIDChange: eduroam
Apr  4 13:21:11 – SSIDChange: none
Apr  4 13:21:16 – SSIDChange: none
Apr  4 13:21:20 – SSIDChange: none
Apr  4 13:21:25 – SSIDChange: none
Apr  4 13:21:29 – SSIDChange: none
Apr  4 13:21:33 – SSIDChange: none
Apr  4 13:21:37 – SSIDChange: none
Apr  4 13:21:41 – SSIDChange: none
Apr  4 13:21:47 – SSIDChange: none
Apr  4 13:21:52 – SSIDChange: none
Apr  4 13:22:02 – SSIDChange: eduroam
Apr  4 13:22:02 – SSIDChange: eduroam
Apr  4 13:22:26 – SSIDChange: none
Apr  4 13:22:30 – SSIDChange: none
Apr  4 13:22:34 – SSIDChange: none
Apr  4 13:22:37 – SSIDChange: eduroam
Apr  4 13:22:37 – SSIDChange: eduroam
Apr  4 13:23:05 – SSIDChange: none
Apr  4 13:23:09 – SSIDChange: none
Apr  4 13:23:12 – SSIDChange: none
Apr  4 13:23:17 – SSIDChange: none
Apr  4 13:23:19 – SSIDChange: eduroam
Apr  4 13:23:19 – SSIDChange: eduroam
Apr  4 13:26:20 – SSIDChange: none
Apr  4 13:26:24 – SSIDChange: none
Apr  4 13:26:31 – SSIDChange: none
Apr  4 13:26:36 – SSIDChange: none
Apr  4 13:26:40 – SSIDChange: none
Apr  4 13:26:45 – SSIDChange: none
Apr  4 13:26:48 – SSIDChange: none
Apr  4 13:26:59 – SSIDChange: eduroam
Apr  4 13:26:59 – SSIDChange: eduroam
Apr  4 13:27:28 – SSIDChange: none
Apr  4 13:27:31 – SSIDChange: none
Apr  4 13:27:38 – SSIDChange: none
Apr  4 13:27:42 – SSIDChange: none
Apr  4 13:27:47 – SSIDChange: none
Apr  4 13:27:51 – SSIDChange: none
Apr  4 13:27:55 – SSIDChange: none
Apr  4 13:28:05 – SSIDChange: eduroam
Apr  4 13:28:05 – SSIDChange: eduroam
Apr  4 13:28:14 – SSIDChange: none
Apr  4 13:28:18 – SSIDChange: none
Apr  4 13:28:22 – SSIDChange: none
Apr  4 13:28:26 – SSIDChange: none
Apr  4 13:28:31 – SSIDChange: eduroam
Apr  4 13:28:31 – SSIDChange: eduroam
Apr  4 13:28:55 – SSIDChange: none
Apr  4 13:28:58 – SSIDChange: none
Apr  4 13:29:02 – SSIDChange: none
Apr  4 13:29:07 – SSIDChange: none
Apr  4 13:29:11 – SSIDChange: none
Apr  4 13:29:15 – SSIDChange: none
Apr  4 13:29:20 – SSIDChange: none
Apr  4 13:29:23 – SSIDChange: none
Apr  4 13:29:32 – SSIDChange: eduroam
Apr  4 13:29:32 – SSIDChange: eduroam
Apr  4 13:29:55 – SSIDChange: none
Apr  4 13:30:00 – SSIDChange: none
Apr  4 13:30:05 – SSIDChange: none
Apr  4 13:30:09 – SSIDChange: none
Apr  4 13:30:13 – SSIDChange: none
Apr  4 13:30:17 – SSIDChange: none
Apr  4 13:30:21 – SSIDChange: none
Apr  4 13:30:26 – SSIDChange: none
Apr  4 13:30:36 – SSIDChange: eduroam
Apr  4 13:30:36 – SSIDChange: eduroam
Apr  4 13:31:00 – SSIDChange: none
Apr  4 13:31:03 – SSIDChange: none
Apr  4 13:31:07 – SSIDChange: none
Apr  4 13:31:12 – SSIDChange: none
Apr  4 13:31:17 – SSIDChange: none
Apr  4 13:31:20 – SSIDChange: none
Apr  4 13:31:27 – SSIDChange: none
Apr  4 13:31:30 – SSIDChange: none
Apr  4 13:31:34 – SSIDChange: none
Apr  4 13:31:38 – SSIDChange: none
Apr  4 13:31:42 – SSIDChange: none
Apr  4 13:31:43 – SSIDChange: none
Apr  4 13:31:48 – SSIDChange: none
Apr  4 13:31:53 – SSIDChange: eduroam
Apr  4 13:31:53 – SSIDChange: eduroam
Apr  4 13:31:54 – SSIDChange: none
Apr  4 13:31:59 – SSIDChange: none
Apr  4 13:32:00 – SSIDChange: eduroam
Apr  4 13:32:00 – SSIDChange: eduroam
Apr  4 13:32:00 – SSIDChange: none
Apr  4 13:32:01 – SSIDChange: eduroam
Apr  4 13:32:01 – SSIDChange: eduroam
Apr  4 13:32:02 – SSIDChange: none
Apr  4 13:32:04 – SSIDChange: eduroam
Apr  4 13:32:04 – SSIDChange: eduroam
Apr  4 13:32:24 – SSIDChange: none
Apr  4 13:32:27 – SSIDChange: none
Apr  4 13:32:31 – SSIDChange: none
Apr  4 13:32:37 – SSIDChange: none
Apr  4 13:32:41 – SSIDChange: eduroam
Apr  4 13:32:41 – SSIDChange: eduroam
Apr  4 13:33:03 – SSIDChange: none
Apr  4 13:33:09 – SSIDChange: none
Apr  4 13:33:13 – SSIDChange: none
Apr  4 13:33:17 – SSIDChange: none
Apr  4 13:33:21 – SSIDChange: none
Apr  4 13:33:26 – SSIDChange: none
Apr  4 13:33:32 – SSIDChange: none
Apr  4 13:33:40 – SSIDChange: none
Apr  4 13:33:47 – SSIDChange: eduroam
Apr  4 13:33:47 – SSIDChange: eduroam
Apr  4 13:33:58 – SSIDChange: none
Apr  4 13:36:26 – SSIDChange: none
Apr  4 13:36:27 – SSIDChange: eduroam
Apr  4 13:36:27 – SSIDChange: eduroam
Apr  4 13:36:47 – SSIDChange: none
Apr  4 13:36:50 – SSIDChange: none
Apr  4 13:36:53 – SSIDChange: none
Apr  4 13:36:59 – SSIDChange: none
Apr  4 13:37:02 – SSIDChange: none
Apr  4 13:37:07 – SSIDChange: eduroam
Apr  4 13:37:07 – SSIDChange: eduroam
Apr  4 13:37:46 – SSIDChange: none
Apr  4 13:37:50 – SSIDChange: none
Apr  4 13:37:54 – SSIDChange: none
Apr  4 13:38:01 – SSIDChange: none
Apr  4 13:38:05 – SSIDChange: none
Apr  4 13:38:09 – SSIDChange: none
Apr  4 13:38:14 – SSIDChange: none
Apr  4 13:38:18 – SSIDChange: none
Apr  4 13:38:21 – SSIDChange: none
Apr  4 13:38:25 – SSIDChange: none
Apr  4 13:38:29 – SSIDChange: none
Apr  4 13:38:32 – SSIDChange: none
Apr  4 13:38:43 – SSIDChange: eduroam
Apr  4 13:38:43 – SSIDChange: eduroam
Apr  4 13:39:07 – SSIDChange: none
Apr  4 13:39:11 – SSIDChange: none
Apr  4 13:39:14 – SSIDChange: none
Apr  4 13:39:22 – SSIDChange: none
Apr  4 13:39:25 – SSIDChange: none
Apr  4 13:39:27 – SSIDChange: none
Apr  4 13:39:31 – SSIDChange: none
Apr  4 13:39:35 – SSIDChange: none
Apr  4 13:39:40 – SSIDChange: none
Apr  4 13:39:43 – SSIDChange: none
Apr  4 13:39:52 – SSIDChange: eduroam
Apr  4 13:39:52 – SSIDChange: eduroam
Apr  4 13:40:15 – SSIDChange: none
Apr  4 13:40:20 – SSIDChange: none
Apr  4 13:40:23 – SSIDChange: none
Apr  4 13:40:29 – SSIDChange: eduroam
Apr  4 13:40:29 – SSIDChange: eduroam
Apr  4 13:40:41 – SSIDChange: none
Apr  4 13:40:45 – SSIDChange: none
Apr  4 13:40:46 – SSIDChange: eduroam
Apr  4 13:40:46 – SSIDChange: eduroam
Apr  4 13:40:55 – SSIDChange: none
Apr  4 13:40:59 – SSIDChange: none
Apr  4 13:41:04 – SSIDChange: eduroam
Apr  4 13:41:04 – SSIDChange: eduroam
Apr  4 13:41:28 – SSIDChange: none
Apr  4 13:41:33 – SSIDChange: none
Apr  4 13:41:36 – SSIDChange: none
Apr  4 13:41:40 – SSIDChange: none
Apr  4 13:41:43 – SSIDChange: eduroam
Apr  4 13:41:43 – SSIDChange: eduroam
Apr  4 13:41:57 – SSIDChange: none
Apr  4 13:42:01 – SSIDChange: none
Apr  4 13:42:08 – SSIDChange: none
Apr  4 13:42:12 – SSIDChange: none
Apr  4 13:42:16 – SSIDChange: none
Apr  4 13:42:19 – SSIDChange: none
Apr  4 13:42:28 – SSIDChange: eduroam
Apr  4 13:42:28 – SSIDChange: eduroam
Apr  4 13:42:50 – SSIDChange: none
Apr  4 13:42:54 – SSIDChange: none
Apr  4 13:42:57 – SSIDChange: none
Apr  4 13:43:04 – SSIDChange: eduroam
Apr  4 13:43:04 – SSIDChange: eduroam
Apr  4 13:43:21 – SSIDChange: none
Apr  4 13:43:23 – SSIDChange: eduroam
Apr  4 13:43:23 – SSIDChange: eduroam
Apr  4 13:43:48 – SSIDChange: none
Apr  4 13:43:51 – SSIDChange: none
Apr  4 13:43:55 – SSIDChange: none
Apr  4 13:44:00 – SSIDChange: none
Apr  4 13:44:04 – SSIDChange: none
Apr  4 13:44:11 – SSIDChange: none
Apr  4 13:44:15 – SSIDChange: eduroam
Apr  4 13:44:16 – SSIDChange: eduroam
Apr  4 13:44:41 – SSIDChange: none
Apr  4 13:44:43 – SSIDChange: eduroam
Apr  4 13:44:43 – SSIDChange: eduroam
Apr  4 13:45:09 – SSIDChange: none
Apr  4 13:45:12 – SSIDChange: none
Apr  4 13:45:16 – SSIDChange: none
Apr  4 13:45:22 – SSIDChange: none
Apr  4 13:45:25 – SSIDChange: none
Apr  4 13:45:30 – SSIDChange: eduroam
Apr  4 13:45:30 – SSIDChange: eduroam
Apr  4 13:45:35 – SSIDChange: none
Apr  4 13:45:37 – SSIDChange: eduroam
Apr  4 13:45:38 – SSIDChange: eduroam
Apr  4 13:45:38 – SSIDChange: none
Apr  4 13:45:44 – SSIDChange: eduroam
Apr  4 13:45:44 – SSIDChange: eduroam
Apr  4 13:46:05 – SSIDChange: none
Apr  4 13:46:08 – SSIDChange: none
Apr  4 13:46:12 – SSIDChange: none
Apr  4 13:46:17 – SSIDChange: none
Apr  4 13:46:25 – SSIDChange: none
Apr  4 13:46:30 – SSIDChange: none
Apr  4 13:46:33 – SSIDChange: Chris Grieser’s iPhone
Apr  4 13:46:33 – SSIDChange: Chris Grieser’s iPhone
Apr  4 13:58:16 – SSIDChange: none
Apr  4 13:58:17 – SSIDChange: eduroam
Apr  4 13:58:17 – SSIDChange: eduroam
Apr  4 13:58:36 – SSIDChange: none
Apr  4 13:58:39 – SSIDChange: none
Apr  4 13:58:43 – SSIDChange: none
Apr  4 13:58:49 – SSIDChange: eduroam
Apr  4 13:58:49 – SSIDChange: eduroam
Apr  4 13:59:16 – SSIDChange: none
Apr  4 13:59:19 – SSIDChange: none
Apr  4 13:59:28 – SSIDChange: none
Apr  4 13:59:31 – SSIDChange: none
Apr  4 13:59:35 – SSIDChange: eduroam
Apr  4 13:59:35 – SSIDChange: eduroam
Apr  4 14:00:24 – SSIDChange: none
Apr  4 14:00:28 – SSIDChange: none
Apr  4 14:00:30 – SSIDChange: eduroam
Apr  4 14:00:30 – SSIDChange: eduroam
Apr  4 14:01:05 – SSIDChange: none
Apr  4 14:01:08 – SSIDChange: none
Apr  4 14:01:11 – SSIDChange: none
Apr  4 14:01:17 – SSIDChange: none
Apr  4 14:01:19 – SSIDChange: eduroam
Apr  4 14:01:19 – SSIDChange: eduroam
Apr  4 14:01:33 – SSIDChange: none
Apr  4 14:01:37 – SSIDChange: none
Apr  4 14:01:41 – SSIDChange: none
Apr  4 14:01:46 – SSIDChange: none
Apr  4 14:01:48 – SSIDChange: eduroam
Apr  4 14:01:48 – SSIDChange: eduroam
Apr  4 14:02:03 – SSIDChange: none
Apr  4 14:02:03 – SSIDChange: Chris Grieser’s iPhone
Apr  4 14:02:03 – SSIDChange: Chris Grieser’s iPhone
Apr 18 14:05:12 – SSIDChange: none
Apr 18 14:05:17 – SSIDChange: none
Apr 18 14:05:21 – SSIDChange: none
Apr 18 14:05:24 – SSIDChange: eduroam
Apr 18 14:05:24 – SSIDChange: eduroam
Apr 18 14:05:46 – SSIDChange: none
Apr 18 14:05:50 – SSIDChange: none
Apr 18 14:05:53 – SSIDChange: none
Apr 18 14:06:02 – SSIDChange: none
Apr 18 14:06:05 – SSIDChange: none
Apr 18 14:06:10 – SSIDChange: none
Apr 18 14:06:14 – SSIDChange: none
Apr 18 14:06:19 – SSIDChange: none
Apr 18 14:06:29 – SSIDChange: eduroam
Apr 18 14:06:29 – SSIDChange: eduroam
Apr 18 14:08:46 – SSIDChange: none
Apr 18 14:08:51 – SSIDChange: none
Apr 18 14:08:55 – SSIDChange: none
Apr 18 14:09:01 – SSIDChange: none
Apr 18 14:09:05 – SSIDChange: none
Apr 18 14:09:10 – SSIDChange: eduroam
Apr 18 14:09:10 – SSIDChange: eduroam
Apr 18 14:09:11 – SSIDChange: none
Apr 18 14:09:17 – SSIDChange: none
Apr 18 14:09:23 – SSIDChange: none
Apr 18 14:09:27 – SSIDChange: none
Apr 18 14:09:32 – SSIDChange: none
Apr 18 14:09:37 – SSIDChange: none
Apr 18 14:09:44 – SSIDChange: none
Apr 18 14:09:48 – SSIDChange: none
Apr 18 14:09:52 – SSIDChange: none
Apr 18 14:09:56 – SSIDChange: eduroam
Apr 18 14:09:56 – SSIDChange: eduroam
Apr 18 14:10:26 – SSIDChange: none
Apr 18 14:10:30 – SSIDChange: eduroam
Apr 18 14:10:30 – SSIDChange: eduroam
Apr 18 14:10:53 – SSIDChange: none
Apr 18 14:10:58 – SSIDChange: none
Apr 18 14:11:02 – SSIDChange: none
Apr 18 14:11:10 – SSIDChange: none
Apr 18 14:11:14 – SSIDChange: none
Apr 18 14:11:18 – SSIDChange: none
Apr 18 14:11:22 – SSIDChange: eduroam
Apr 18 14:11:22 – SSIDChange: eduroam
Apr 18 14:18:27 – SSIDChange: none
Apr 18 14:18:32 – SSIDChange: none
Apr 18 14:18:39 – SSIDChange: none
Apr 18 14:18:42 – SSIDChange: none
Apr 18 14:18:47 – SSIDChange: none
Apr 18 14:18:51 – SSIDChange: none
Apr 18 14:18:55 – SSIDChange: none
Apr 18 14:19:06 – SSIDChange: eduroam
Apr 18 14:19:06 – SSIDChange: eduroam
Apr 18 14:19:07 – SSIDChange: none
Apr 18 14:19:11 – SSIDChange: none
Apr 18 14:19:15 – SSIDChange: none
Apr 18 14:19:19 – SSIDChange: none
Apr 18 14:19:23 – SSIDChange: none
Apr 18 14:19:27 – SSIDChange: none
Apr 18 14:19:34 – SSIDChange: none
Apr 18 14:19:38 – SSIDChange: none
Apr 18 14:19:42 – SSIDChange: none
Apr 18 14:19:46 – SSIDChange: none
Apr 18 14:19:50 – SSIDChange: none
Apr 18 14:19:53 – SSIDChange: none
Apr 18 14:19:57 – SSIDChange: none
Apr 18 14:20:01 – SSIDChange: none
Apr 18 14:20:05 – SSIDChange: none
Apr 18 14:20:08 – SSIDChange: eduroam
Apr 18 14:20:08 – SSIDChange: eduroam
Apr 18 14:23:48 – SSIDChange: none
Apr 18 14:23:54 – SSIDChange: none
Apr 18 14:23:57 – SSIDChange: none
Apr 18 14:24:04 – SSIDChange: none
Apr 18 14:24:07 – SSIDChange: none
Apr 18 14:24:12 – SSIDChange: none
Apr 18 14:24:15 – SSIDChange: none
Apr 18 14:24:19 – SSIDChange: none
Apr 18 14:24:23 – SSIDChange: none
Apr 18 14:24:27 – SSIDChange: none
Apr 18 14:24:30 – SSIDChange: none
Apr 18 14:24:39 – SSIDChange: none
Apr 18 14:24:42 – SSIDChange: none
Apr 18 14:24:46 – SSIDChange: none
Apr 18 14:24:50 – SSIDChange: none
Apr 18 14:24:54 – SSIDChange: none
Apr 18 14:24:58 – SSIDChange: none
Apr 18 14:25:02 – SSIDChange: none
Apr 18 14:25:05 – SSIDChange: none
Apr 18 14:25:16 – SSIDChange: eduroam
Apr 18 14:25:16 – SSIDChange: eduroam
Apr 18 14:26:08 – SSIDChange: none
Apr 18 14:26:13 – SSIDChange: none
Apr 18 14:26:16 – SSIDChange: none
Apr 18 14:26:20 – SSIDChange: eduroam
Apr 18 14:26:20 – SSIDChange: eduroam
Apr 18 14:27:01 – SSIDChange: none
Apr 18 14:27:06 – SSIDChange: none
Apr 18 14:27:10 – SSIDChange: none
Apr 18 14:27:15 – SSIDChange: none
Apr 18 14:27:18 – SSIDChange: none
Apr 18 14:27:25 – SSIDChange: none
Apr 18 14:27:28 – SSIDChange: none
Apr 18 14:27:32 – SSIDChange: none
Apr 18 14:27:33 – SSIDChange: none
Apr 18 14:27:42 – SSIDChange: eduroam
Apr 18 14:27:42 – SSIDChange: eduroam
Apr 18 14:31:13 – SSIDChange: none
Apr 18 14:31:18 – SSIDChange: none
Apr 18 14:31:22 – SSIDChange: none
Apr 18 14:31:28 – SSIDChange: none
Apr 18 14:31:33 – SSIDChange: none
Apr 18 14:31:37 – SSIDChange: none
Apr 18 14:31:42 – SSIDChange: none
Apr 18 14:31:45 – SSIDChange: none
Apr 18 14:31:57 – SSIDChange: eduroam
Apr 18 14:31:57 – SSIDChange: eduroam
Apr 18 14:32:27 – SSIDChange: none
Apr 18 14:32:32 – SSIDChange: none
Apr 18 14:32:36 – SSIDChange: none
Apr 18 14:32:40 – SSIDChange: none
Apr 18 14:32:44 – SSIDChange: none
Apr 18 14:32:51 – SSIDChange: none
Apr 18 14:32:55 – SSIDChange: none
Apr 18 14:33:00 – SSIDChange: none
Apr 18 14:33:04 – SSIDChange: none
Apr 18 14:33:08 – SSIDChange: none
Apr 18 14:33:21 – SSIDChange: none
Apr 18 14:33:25 – SSIDChange: none
Apr 18 14:33:30 – SSIDChange: none
Apr 18 14:33:33 – SSIDChange: none
Apr 18 14:33:42 – SSIDChange: eduroam
Apr 18 14:33:42 – SSIDChange: eduroam
Apr 18 14:34:05 – SSIDChange: none
Apr 18 14:34:10 – SSIDChange: none
Apr 18 14:34:14 – SSIDChange: none
Apr 18 14:34:21 – SSIDChange: none
Apr 18 14:34:24 – SSIDChange: none
Apr 18 14:34:31 – SSIDChange: none
Apr 18 14:34:34 – SSIDChange: none
Apr 18 14:34:38 – SSIDChange: none
Apr 18 14:34:42 – SSIDChange: none
Apr 18 14:34:51 – SSIDChange: eduroam
Apr 18 14:34:51 – SSIDChange: eduroam
Apr 18 14:39:30 – SSIDChange: none
Apr 18 14:39:36 – SSIDChange: none
Apr 18 14:39:40 – SSIDChange: none
Apr 18 14:39:47 – SSIDChange: none
Apr 18 14:39:50 – SSIDChange: none
Apr 18 14:39:55 – SSIDChange: none
Apr 18 14:39:59 – SSIDChange: none
Apr 18 14:40:04 – SSIDChange: none
Apr 18 14:40:07 – SSIDChange: none
Apr 18 14:40:12 – SSIDChange: none
Apr 18 14:40:15 – SSIDChange: none
Apr 18 14:40:25 – SSIDChange: eduroam
Apr 18 14:40:25 – SSIDChange: eduroam
Apr 18 14:49:53 – SSIDChange: none
Apr 18 14:49:56 – SSIDChange: eduroam
Apr 18 14:49:56 – SSIDChange: eduroam
Apr 18 14:50:46 – SSIDChange: none
Apr 18 14:50:51 – SSIDChange: none
Apr 18 14:50:54 – SSIDChange: eduroam
Apr 18 14:50:54 – SSIDChange: eduroam
Apr 18 14:51:18 – SSIDChange: none
Apr 18 14:51:24 – SSIDChange: none
Apr 18 14:51:27 – SSIDChange: none
Apr 18 14:51:34 – SSIDChange: none
Apr 18 14:51:37 – SSIDChange: none
Apr 18 14:51:43 – SSIDChange: none
Apr 18 14:51:46 – SSIDChange: none
Apr 18 14:51:52 – SSIDChange: none
Apr 18 14:51:56 – SSIDChange: none
Apr 18 14:52:00 – SSIDChange: none
Apr 18 14:52:09 – SSIDChange: eduroam
Apr 18 14:52:09 – SSIDChange: eduroam
Apr 18 14:52:32 – SSIDChange: none
Apr 18 14:52:37 – SSIDChange: none
Apr 18 14:52:42 – SSIDChange: none
Apr 18 14:52:46 – SSIDChange: eduroam
Apr 18 14:52:46 – SSIDChange: eduroam
Apr 18 14:53:12 – SSIDChange: none
Apr 18 14:53:15 – SSIDChange: eduroam
Apr 18 14:53:15 – SSIDChange: eduroam
Apr 18 14:53:39 – SSIDChange: none
Apr 18 14:53:44 – SSIDChange: none
Apr 18 14:53:51 – SSIDChange: none
Apr 18 14:53:55 – SSIDChange: none
Apr 18 14:53:59 – SSIDChange: none
Apr 18 14:54:03 – SSIDChange: none
Apr 18 14:54:09 – SSIDChange: none
Apr 18 14:54:14 – SSIDChange: none
Apr 18 14:54:17 – SSIDChange: none
Apr 18 14:54:27 – SSIDChange: eduroam
Apr 18 14:54:28 – SSIDChange: eduroam
Apr 18 14:55:09 – SSIDChange: none
Apr 18 14:55:14 – SSIDChange: none
Apr 18 14:55:18 – SSIDChange: none
Apr 18 14:55:24 – SSIDChange: none
Apr 18 14:55:27 – SSIDChange: none
Apr 18 14:55:30 – SSIDChange: none
Apr 18 14:55:32 – SSIDChange: none
Apr 18 14:55:37 – SSIDChange: none
Apr 18 14:55:41 – SSIDChange: none
Apr 18 14:55:51 – SSIDChange: eduroam
Apr 18 14:55:52 – SSIDChange: eduroam
Apr 18 14:57:56 – SSIDChange: none
Apr 18 14:58:00 – SSIDChange: none
Apr 18 14:58:04 – SSIDChange: none
Apr 18 14:58:10 – SSIDChange: none
Apr 18 14:58:15 – SSIDChange: none
Apr 18 14:58:20 – SSIDChange: none
Apr 18 14:58:23 – SSIDChange: none
Apr 18 14:58:32 – SSIDChange: eduroam
Apr 18 14:58:32 – SSIDChange: eduroam
Apr 18 14:59:12 – SSIDChange: none
Apr 18 14:59:17 – SSIDChange: none
Apr 18 14:59:22 – SSIDChange: none
Apr 18 14:59:26 – SSIDChange: none
Apr 18 14:59:31 – SSIDChange: none
Apr 18 14:59:34 – SSIDChange: none
Apr 18 14:59:36 – SSIDChange: eduroam
Apr 18 14:59:37 – SSIDChange: eduroam
Apr 18 15:00:12 – SSIDChange: none
Apr 18 15:00:16 – SSIDChange: none
Apr 18 15:00:18 – SSIDChange: eduroam
Apr 18 15:00:18 – SSIDChange: eduroam
Apr 18 15:00:46 – SSIDChange: none
Apr 18 15:00:49 – SSIDChange: none
Apr 18 15:00:53 – SSIDChange: none
Apr 18 15:00:58 – SSIDChange: eduroam
Apr 18 15:00:58 – SSIDChange: eduroam
Apr 18 15:01:30 – SSIDChange: none
Apr 18 15:01:33 – SSIDChange: none
Apr 18 15:01:40 – SSIDChange: eduroam
Apr 18 15:01:40 – SSIDChange: eduroam
Apr 18 15:04:12 – SSIDChange: none
Apr 18 15:39:52 – SSIDChange: eduroam
Apr 18 15:39:52 – SSIDChange: eduroam
Apr 18 15:47:25 – SSIDChange: none
Apr 18 15:48:18 – SSIDChange: none
Apr 18 15:48:21 – SSIDChange: eduroam
Apr 18 15:48:21 – SSIDChange: eduroam
